#-----------------------------------------------------------
# PlanAhead v14.7 (64-bit)
# Build 321239 by xbuild on Fri Sep 27 19:29:51 MDT 2013
# Start of session at: Fri Jan 22 23:27:39 2021
# Process ID: 4128
# Log file: C:/Users/Alireza/Desktop/CAD_projects/Cad_project2/planAhead_run_2/planAhead.log
# Journal file: C:/Users/Alireza/Desktop/CAD_projects/Cad_project2/planAhead_run_2/planAhead.jou
#-----------------------------------------------------------
INFO: [Common 17-78] Attempting to get a license: PlanAhead
INFO: [Common 17-290] Got license for PlanAhead
INFO: [Device 21-36] Loading parts and site information from D:/ISE-App/14.7/ISE_DS/PlanAhead/data/parts/arch.xml
Parsing RTL primitives file [D:/ISE-App/14.7/ISE_DS/PlanAhead/data/parts/xilinx/rtl/prims/rtl_prims.xml]
Finished parsing RTL primitives file [D:/ISE-App/14.7/ISE_DS/PlanAhead/data/parts/xilinx/rtl/prims/rtl_prims.xml]
start_gui
source C:/Users/Alireza/Desktop/CAD_projects/Cad_project2/pa.fromNcd.tcl
# create_project -name Cad_project2 -dir "C:/Users/Alireza/Desktop/CAD_projects/Cad_project2/planAhead_run_2" -part xc6vcx75tff484-2
create_project: Time (s): elapsed = 00:00:07 . Memory (MB): peak = 402.066 ; gain = 73.422
# set srcset [get_property srcset [current_run -impl]]
# set_property design_mode GateLvl $srcset
# set_property edif_top_file "C:/Users/Alireza/Desktop/CAD_projects/Cad_project2/Neuron_Network.ngc" [ get_property srcset [ current_run ] ]
# add_files -norecurse { {C:/Users/Alireza/Desktop/CAD_projects/Cad_project2} }
# set_property target_constrs_file "Neuron_Network.ucf" [current_fileset -constrset]
Adding file 'C:/Users/Alireza/Desktop/CAD_projects/Cad_project2/Neuron_Network.ucf' to fileset 'constrs_1'
# add_files [list {Neuron_Network.ucf}] -fileset [get_property constrset [current_run]]
# link_design
Design is defaulting to srcset: sources_1
Design is defaulting to constrset: constrs_1
Design is defaulting to project part: xc6vcx75tff484-2
Release 14.7 - ngc2edif P.20131013 (nt64)
Copyright (c) 1995-2013 Xilinx, Inc.  All rights reserved.
Reading design Neuron_Network.ngc ...
WARNING:NetListWriters:298 - No output is written to Neuron_Network.xncf,
   ignored.
Processing design ...
   Preping design's networks ...
   Preping design's macros ...
WARNING:NetListWriters:306 - Signal bus input_sel<9 : 0> on block Neuron_Network
   is not reconstructed, because there are some missing bus signals.
WARNING:NetListWriters:306 - Signal bus dp/mac9_weight<7 : 0> on block
   Neuron_Network is not reconstructed, because there are some missing bus
   signals.
WARNING:NetListWriters:306 - Signal bus dp/mac8_weight<7 : 0> on block
   Neuron_Network is not reconstructed, because there are some missing bus
   signals.
WARNING:NetListWriters:306 - Signal bus dp/mac7_weight<7 : 0> on block
   Neuron_Network is not reconstructed, because there are some missing bus
   signals.
WARNING:NetListWriters:306 - Signal bus dp/mac6_weight<7 : 0> on block
   Neuron_Network is not reconstructed, because there are some missing bus
   signals.
WARNING:NetListWriters:306 - Signal bus dp/mac5_weight<7 : 0> on block
   Neuron_Network is not reconstructed, because there are some missing bus
   signals.
WARNING:NetListWriters:306 - Signal bus dp/mac4_weight<7 : 0> on block
   Neuron_Network is not reconstructed, because there are some missing bus
   signals.
WARNING:NetListWriters:306 - Signal bus dp/mac3_weight<7 : 0> on block
   Neuron_Network is not reconstructed, because there are some missing bus
   signals.
WARNING:NetListWriters:306 - Signal bus dp/mac2_weight<7 : 0> on block
   Neuron_Network is not reconstructed, because there are some missing bus
   signals.
WARNING:NetListWriters:306 - Signal bus dp/mac1_weight<7 : 0> on block
   Neuron_Network is not reconstructed, because there are some missing bus
   signals.
WARNING:NetListWriters:306 - Signal bus dp/mac0_weight<7 : 0> on block
   Neuron_Network is not reconstructed, because there are some missing bus
   signals.
WARNING:NetListWriters:306 - Signal bus
   dp/hidden_weight_mem/Maddsub_BUS_0018_PWR_6_o_MuLt_46_OUT1_Madd5_lut<7 : 2>
   on block Neuron_Network is not reconstructed, because there are some missing
   bus signals.
WARNING:NetListWriters:306 - Signal bus
   dp/hidden_weight_mem/Maddsub_BUS_0002_PWR_6_o_MuLt_6_OUT1_Madd5_lut<5 : 2> on
   block Neuron_Network is not reconstructed, because there are some missing bus
   signals.
WARNING:NetListWriters:306 - Signal bus
   dp/hidden_weight_mem/Maddsub_BUS_0012_PWR_6_o_MuLt_31_OUT1_Madd4_lut<6 : 4>
   on block Neuron_Network is not reconstructed, because there are some missing
   bus signals.
WARNING:NetListWriters:306 - Signal bus
   dp/hidden_weight_mem/Maddsub_BUS_0014_PWR_6_o_MuLt_36_OUT1_Madd4_lut<6 : 4>
   on block Neuron_Network is not reconstructed, because there are some missing
   bus signals.
WARNING:NetListWriters:306 - Signal bus
   dp/hidden_weight_mem/Maddsub_PWR_6_o_PWR_6_o_MuLt_1_OUT_Madd_lut<9 : 2> on
   block Neuron_Network is not reconstructed, because there are some missing bus
   signals.
WARNING:NetListWriters:306 - Signal bus dp/mac9/ADDERTREE_INTERNAL_Madd28_cy<14
   : 1> on block Neuron_Network is not reconstructed, because there are some
   missing bus signals.
WARNING:NetListWriters:306 - Signal bus dp/mac9/ADDERTREE_INTERNAL_Madd28_lut<14
   : 1> on block Neuron_Network is not reconstructed, because there are some
   missing bus signals.
WARNING:NetListWriters:306 - Signal bus dp/mac9/ADDERTREE_INTERNAL_Madd13_cy<14
   : 1> on block Neuron_Network is not reconstructed, because there are some
   missing bus signals.
WARNING:NetListWriters:306 - Signal bus dp/mac9/ADDERTREE_INTERNAL_Madd13_lut<14
   : 1> on block Neuron_Network is not reconstructed, because there are some
   missing bus signals.
WARNING:NetListWriters:306 - Signal bus dp/mac9/bios_Mult/r37<3 : 1> on block
   Neuron_Network is not reconstructed, because there are some missing bus
   signals.
WARNING:NetListWriters:306 - Signal bus dp/mac8/ADDERTREE_INTERNAL_Madd28_cy<14
   : 1> on block Neuron_Network is not reconstructed, because there are some
   missing bus signals.
WARNING:NetListWriters:306 - Signal bus dp/mac8/ADDERTREE_INTERNAL_Madd28_lut<14
   : 1> on block Neuron_Network is not reconstructed, because there are some
   missing bus signals.
WARNING:NetListWriters:306 - Signal bus dp/mac8/ADDERTREE_INTERNAL_Madd13_cy<14
   : 1> on block Neuron_Network is not reconstructed, because there are some
   missing bus signals.
WARNING:NetListWriters:306 - Signal bus dp/mac8/ADDERTREE_INTERNAL_Madd13_lut<14
   : 1> on block Neuron_Network is not reconstructed, because there are some
   missing bus signals.
WARNING:NetListWriters:306 - Signal bus dp/mac8/bios_Mult/r37<3 : 1> on block
   Neuron_Network is not reconstructed, because there are some missing bus
   signals.
WARNING:NetListWriters:306 - Signal bus dp/mac7/ADDERTREE_INTERNAL_Madd28_cy<14
   : 1> on block Neuron_Network is not reconstructed, because there are some
   missing bus signals.
WARNING:NetListWriters:306 - Signal bus dp/mac7/ADDERTREE_INTERNAL_Madd28_lut<14
   : 1> on block Neuron_Network is not reconstructed, because there are some
   missing bus signals.
WARNING:NetListWriters:306 - Signal bus dp/mac7/ADDERTREE_INTERNAL_Madd13_cy<14
   : 1> on block Neuron_Network is not reconstructed, because there are some
   missing bus signals.
WARNING:NetListWriters:306 - Signal bus dp/mac7/ADDERTREE_INTERNAL_Madd13_lut<14
   : 1> on block Neuron_Network is not reconstructed, because there are some
   missing bus signals.
WARNING:NetListWriters:306 - Signal bus dp/mac7/bios_Mult/r37<3 : 1> on block
   Neuron_Network is not reconstructed, because there are some missing bus
   signals.
WARNING:NetListWriters:306 - Signal bus dp/mac6/ADDERTREE_INTERNAL_Madd28_cy<14
   : 1> on block Neuron_Network is not reconstructed, because there are some
   missing bus signals.
WARNING:NetListWriters:306 - Signal bus dp/mac6/ADDERTREE_INTERNAL_Madd28_lut<14
   : 1> on block Neuron_Network is not reconstructed, because there are some
   missing bus signals.
WARNING:NetListWriters:306 - Signal bus dp/mac6/ADDERTREE_INTERNAL_Madd13_cy<14
   : 1> on block Neuron_Network is not reconstructed, because there are some
   missing bus signals.
WARNING:NetListWriters:306 - Signal bus dp/mac6/ADDERTREE_INTERNAL_Madd13_lut<14
   : 1> on block Neuron_Network is not reconstructed, because there are some
   missing bus signals.
WARNING:NetListWriters:306 - Signal bus dp/mac6/bios_Mult/r37<3 : 1> on block
   Neuron_Network is not reconstructed, because there are some missing bus
   signals.
WARNING:NetListWriters:306 - Signal bus dp/mac5/ADDERTREE_INTERNAL_Madd28_cy<14
   : 1> on block Neuron_Network is not reconstructed, because there are some
   missing bus signals.
WARNING:NetListWriters:306 - Signal bus dp/mac5/ADDERTREE_INTERNAL_Madd28_lut<14
   : 1> on block Neuron_Network is not reconstructed, because there are some
   missing bus signals.
WARNING:NetListWriters:306 - Signal bus dp/mac5/ADDERTREE_INTERNAL_Madd13_cy<14
   : 1> on block Neuron_Network is not reconstructed, because there are some
   missing bus signals.
WARNING:NetListWriters:306 - Signal bus dp/mac5/ADDERTREE_INTERNAL_Madd13_lut<14
   : 1> on block Neuron_Network is not reconstructed, because there are some
   missing bus signals.
WARNING:NetListWriters:306 - Signal bus dp/mac5/bios_Mult/r37<3 : 1> on block
   Neuron_Network is not reconstructed, because there are some missing bus
   signals.
WARNING:NetListWriters:306 - Signal bus dp/mac4/ADDERTREE_INTERNAL_Madd28_cy<14
   : 1> on block Neuron_Network is not reconstructed, because there are some
   missing bus signals.
WARNING:NetListWriters:306 - Signal bus dp/mac4/ADDERTREE_INTERNAL_Madd28_lut<14
   : 1> on block Neuron_Network is not reconstructed, because there are some
   missing bus signals.
WARNING:NetListWriters:306 - Signal bus dp/mac4/ADDERTREE_INTERNAL_Madd13_cy<14
   : 1> on block Neuron_Network is not reconstructed, because there are some
   missing bus signals.
WARNING:NetListWriters:306 - Signal bus dp/mac4/ADDERTREE_INTERNAL_Madd13_lut<14
   : 1> on block Neuron_Network is not reconstructed, because there are some
   missing bus signals.
WARNING:NetListWriters:306 - Signal bus dp/mac4/bios_Mult/r37<3 : 1> on block
   Neuron_Network is not reconstructed, because there are some missing bus
   signals.
WARNING:NetListWriters:306 - Signal bus dp/mac3/ADDERTREE_INTERNAL_Madd28_cy<14
   : 1> on block Neuron_Network is not reconstructed, because there are some
   missing bus signals.
WARNING:NetListWriters:306 - Signal bus dp/mac3/ADDERTREE_INTERNAL_Madd28_lut<14
   : 1> on block Neuron_Network is not reconstructed, because there are some
   missing bus signals.
WARNING:NetListWriters:306 - Signal bus dp/mac3/ADDERTREE_INTERNAL_Madd13_cy<14
   : 1> on block Neuron_Network is not reconstructed, because there are some
   missing bus signals.
WARNING:NetListWriters:306 - Signal bus dp/mac3/ADDERTREE_INTERNAL_Madd13_lut<14
   : 1> on block Neuron_Network is not reconstructed, because there are some
   missing bus signals.
WARNING:NetListWriters:306 - Signal bus dp/mac3/bios_Mult/r37<3 : 1> on block
   Neuron_Network is not reconstructed, because there are some missing bus
   signals.
WARNING:NetListWriters:306 - Signal bus dp/mac2/ADDERTREE_INTERNAL_Madd28_cy<14
   : 1> on block Neuron_Network is not reconstructed, because there are some
   missing bus signals.
WARNING:NetListWriters:306 - Signal bus dp/mac2/ADDERTREE_INTERNAL_Madd28_lut<14
   : 1> on block Neuron_Network is not reconstructed, because there are some
   missing bus signals.
WARNING:NetListWriters:306 - Signal bus dp/mac2/ADDERTREE_INTERNAL_Madd13_cy<14
   : 1> on block Neuron_Network is not reconstructed, because there are some
   missing bus signals.
WARNING:NetListWriters:306 - Signal bus dp/mac2/ADDERTREE_INTERNAL_Madd13_lut<14
   : 1> on block Neuron_Network is not reconstructed, because there are some
   missing bus signals.
WARNING:NetListWriters:306 - Signal bus dp/mac2/bios_Mult/r37<3 : 1> on block
   Neuron_Network is not reconstructed, because there are some missing bus
   signals.
WARNING:NetListWriters:306 - Signal bus dp/mac1/ADDERTREE_INTERNAL_Madd28_cy<14
   : 1> on block Neuron_Network is not reconstructed, because there are some
   missing bus signals.
WARNING:NetListWriters:306 - Signal bus dp/mac1/ADDERTREE_INTERNAL_Madd28_lut<14
   : 1> on block Neuron_Network is not reconstructed, because there are some
   missing bus signals.
WARNING:NetListWriters:306 - Signal bus dp/mac1/ADDERTREE_INTERNAL_Madd13_cy<14
   : 1> on block Neuron_Network is not reconstructed, because there are some
   missing bus signals.
WARNING:NetListWriters:306 - Signal bus dp/mac1/ADDERTREE_INTERNAL_Madd13_lut<14
   : 1> on block Neuron_Network is not reconstructed, because there are some
   missing bus signals.
WARNING:NetListWriters:306 - Signal bus dp/mac1/bios_Mult/r37<3 : 1> on block
   Neuron_Network is not reconstructed, because there are some missing bus
   signals.
WARNING:NetListWriters:306 - Signal bus dp/mac0/ADDERTREE_INTERNAL_Madd28_cy<14
   : 1> on block Neuron_Network is not reconstructed, because there are some
   missing bus signals.
WARNING:NetListWriters:306 - Signal bus dp/mac0/ADDERTREE_INTERNAL_Madd28_lut<14
   : 1> on block Neuron_Network is not reconstructed, because there are some
   missing bus signals.
WARNING:NetListWriters:306 - Signal bus dp/mac0/ADDERTREE_INTERNAL_Madd13_cy<14
   : 1> on block Neuron_Network is not reconstructed, because there are some
   missing bus signals.
WARNING:NetListWriters:306 - Signal bus dp/mac0/ADDERTREE_INTERNAL_Madd13_lut<14
   : 1> on block Neuron_Network is not reconstructed, because there are some
   missing bus signals.
WARNING:NetListWriters:306 - Signal bus dp/mac0/bios_Mult/r37<3 : 1> on block
   Neuron_Network is not reconstructed, because there are some missing bus
   signals.
WARNING:NetListWriters:306 - Signal bus
   dp/max_func/GND_21_o_mac7[7]_mux_22_OUT<6 : 3> on block Neuron_Network is not
   reconstructed, because there are some missing bus signals.
WARNING:NetListWriters:306 - Signal bus dp/max_func/GND_21_o_mac2[7]_mux_7_OUT<6
   : 0> on block Neuron_Network is not reconstructed, because there are some
   missing bus signals.
  finished :Prep
Writing EDIF netlist file Neuron_Network.edif ...
ngc2edif: Total memory usage is 120024 kilobytes

Parsing EDIF File [./planAhead_run_2/Cad_project2.data/cache/Neuron_Network_ngc_zx.edif]
Finished Parsing EDIF File [./planAhead_run_2/Cad_project2.data/cache/Neuron_Network_ngc_zx.edif]
INFO: [Netlist 29-17] Analyzing 521 Unisim elements for replacement
INFO: [Netlist 29-28] Unisim Transformation completed in 0 CPU seconds
WARNING: [Netlist 29-43] Netlist 'Neuron_Network' is not ideal for floorplanning, since the cellview 'Neuron_Network' defined in file 'Neuron_Network.ngc' contains large number of primitives.  Please consider enabling hierarchy in synthesis if you want to do floorplanning.
Loading clock regions from D:/ISE-App/14.7/ISE_DS/PlanAhead/data\parts/xilinx/virtex6/virtex6cxt/xc6vcx75t/ClockRegion.xml
Loading clock buffers from D:/ISE-App/14.7/ISE_DS/PlanAhead/data\parts/xilinx/virtex6/virtex6cxt/xc6vcx75t/ClockBuffers.xml
Loading clock placement rules from D:/ISE-App/14.7/ISE_DS/PlanAhead/data/parts/xilinx/virtex6/ClockPlacerRules.xml
Loading clock capable ios from D:/ISE-App/14.7/ISE_DS/PlanAhead/data/parts/xilinx/virtex6/ClockCapableIOBs.xml
Loading package pin functions from D:/ISE-App/14.7/ISE_DS/PlanAhead/data\parts/xilinx/virtex6/PinFunctions.xml...
Loading package from D:/ISE-App/14.7/ISE_DS/PlanAhead/data\parts/xilinx/virtex6/virtex6cxt/xc6vcx75t/ff484/Package.xml
Loading io standards from D:/ISE-App/14.7/ISE_DS/PlanAhead/data\./parts/xilinx/virtex6/IOStandards.xml
Loading device configuration modes from D:/ISE-App/14.7/ISE_DS/PlanAhead/data\parts/xilinx/virtex6/ConfigModes.xml
Loading list of drcs for the architecture : D:/ISE-App/14.7/ISE_DS/PlanAhead/data\./parts/xilinx/virtex6/drc.xml
Parsing UCF File [C:/Users/Alireza/Desktop/CAD_projects/Cad_project2/Neuron_Network.ucf]
Finished Parsing UCF File [C:/Users/Alireza/Desktop/CAD_projects/Cad_project2/Neuron_Network.ucf]
INFO: [Project 1-111] Unisim Transformation Summary:
  A total of 521 instances were transformed.
  BUFGP => BUFGP (IBUF, BUFG): 1 instances
  RAM128X1D => RAM128X1D (RAMD64E, RAMD64E, RAMD64E, RAMD64E, MUXF7, MUXF7): 480 instances
  RAM32X1D => RAM32X1D (RAMD32, RAMD32): 40 instances

Phase 0 | Netlist Checksum: 1dc36360
link_design: Time (s): elapsed = 00:01:07 . Memory (MB): peak = 726.660 ; gain = 321.688
# read_xdl -file "C:/Users/Alireza/Desktop/CAD_projects/Cad_project2/Neuron_Network.ncd"
Release 14.7 - xdl P.20131013 (nt64)
Copyright (c) 1995-2013 Xilinx, Inc.  All rights reserved.

WARNING:XDL:213 - The resulting xdl output will not have LUT equation strings or RAM INIT strings.
Loading device for application Rf_Device from file '6vcx75t.nph' in environment D:\ISE-App\14.7\ISE_DS\ISE\.
   "Neuron_Network" is an NCD, version 3.2, device xc6vcx75t, package ff484, speed -2
Successfully converted design 'C:\Users\Alireza\Desktop\CAD_projects\Cad_project2\Neuron_Network.ncd' to 'C:\Users\Alireza\Desktop\CAD_projects\Cad_project2\Neuron_Network.xdl'.
INFO: [Designutils 20-669] Parsing Placement File : C:/Users/Alireza/Desktop/CAD_projects/Cad_project2/Neuron_Network.ncd
INFO: [Designutils 20-658] Finished Parsing Placement File : C:/Users/Alireza/Desktop/CAD_projects/Cad_project2/Neuron_Network.ncd
INFO: [Designutils 20-671] Placed 22573 instances
read_xdl: Time (s): elapsed = 00:00:57 . Memory (MB): peak = 744.625 ; gain = 17.965
# if {[catch {read_twx -name results_1 -file "C:/Users/Alireza/Desktop/CAD_projects/Cad_project2/Neuron_Network.twx"} eInfo]} {
#    puts "WARNING: there was a problem importing \"C:/Users/Alireza/Desktop/CAD_projects/Cad_project2/Neuron_Network.twx\": $eInfo"
# }
INFO: [Timing 38-71] No path element with name dp/mac0/ADDERTREE_INTERNAL_Madd_1024_rt found. It will be ignored.
INFO: [Timing 38-71] No path element with name dp/mac0/ADDERTREE_INTERNAL_Madd_1131_rt found. It will be ignored.
INFO: [Timing 38-71] No path element with name dp/mac0/ADDERTREE_INTERNAL_Madd_1024_rt found. It will be ignored.
INFO: [Timing 38-71] No path element with name dp/mac0/ADDERTREE_INTERNAL_Madd_1131_rt found. It will be ignored.
INFO: [Timing 38-71] No path element with name dp/mac0/ADDERTREE_INTERNAL_Madd_1024_rt found. It will be ignored.
INFO: [Timing 38-71] No path element with name dp/mac0/ADDERTREE_INTERNAL_Madd_1131_rt found. It will be ignored.
INFO: [Timing 38-71] No path element with name dp/mac1/ADDERTREE_INTERNAL_Madd_1024_rt found. It will be ignored.
INFO: [Timing 38-71] No path element with name dp/mac1/ADDERTREE_INTERNAL_Madd_1131_rt found. It will be ignored.
INFO: [Timing 38-71] No path element with name dp/mac1/ADDERTREE_INTERNAL_Madd_1024_rt found. It will be ignored.
INFO: [Timing 38-71] No path element with name dp/mac1/ADDERTREE_INTERNAL_Madd_1131_rt found. It will be ignored.
INFO: [Timing 38-71] No path element with name dp/mac1/ADDERTREE_INTERNAL_Madd_1024_rt found. It will be ignored.
INFO: [Timing 38-71] No path element with name dp/mac1/ADDERTREE_INTERNAL_Madd_1131_rt found. It will be ignored.
INFO: [Timing 38-71] No path element with name dp/mac1/ADDERTREE_INTERNAL_Madd_1024_rt found. It will be ignored.
INFO: [Timing 38-71] No path element with name dp/mac1/ADDERTREE_INTERNAL_Madd_1131_rt found. It will be ignored.
INFO: [Timing 38-71] No path element with name dp/mac1/ADDERTREE_INTERNAL_Madd_1024_rt found. It will be ignored.
INFO: [Timing 38-71] No path element with name dp/mac1/ADDERTREE_INTERNAL_Madd_1131_rt found. It will be ignored.
INFO: [Timing 38-71] No path element with name dp/mac1/ADDERTREE_INTERNAL_Madd_1024_rt found. It will be ignored.
INFO: [Timing 38-71] No path element with name dp/mac1/ADDERTREE_INTERNAL_Madd_1131_rt found. It will be ignored.
exit
ERROR: [PlanAhead 12-106] *** Exception: ui.h.b: Found deleted key in HTclEventBroker. Verify if the classes listed here call cleanup()
HTclEvent: DEBUG_PORT_CONFIG_CHANGE   Classes: ui.views.aR 
HTclEvent: SIGNAL_BUS_MODIFY   Classes: ui.views.aR 
HTclEvent: DEBUG_CORE_CONFIG_CHANGE   Classes: ui.views.aR 
HTclEvent: SIGNAL_MODIFY   Classes: ui.views.aR 
 (See C:/Users/Alireza/Desktop/CAD_projects/Cad_project2\planAhead_pid4128.debug)
ERROR: [Common 17-39] 'stop_gui' failed due to earlier errors.
INFO: [Common 17-206] Exiting PlanAhead at Fri Jan 22 23:48:52 2021...
INFO: [Common 17-83] Releasing license: PlanAhead
